10:52:34,871  INFO main support.DefaultTestContextBootstrapper:256 - Loaded default TestExecutionListener class names from location [META-INF/spring.factories]: [org.springframework.test.context.web.ServletTestExecutionListener, org.springframework.test.context.support.DependencyInjectionTestExecutionListener, org.springframework.test.context.support.DirtiesContextTestExecutionListener, org.springframework.test.context.transaction.TransactionalTestExecutionListener, org.springframework.test.context.jdbc.SqlScriptsTestExecutionListener]
10:52:34,907  INFO main support.DefaultTestContextBootstrapper:182 - Using TestExecutionListeners: [org.springframework.test.context.web.ServletTestExecutionListener@1f28c152, org.springframework.test.context.support.DependencyInjectionTestExecutionListener@7d907bac, org.springframework.test.context.support.DirtiesContextTestExecutionListener@7791a895, org.springframework.test.context.transaction.TransactionalTestExecutionListener@3a5ed7a6, org.springframework.test.context.jdbc.SqlScriptsTestExecutionListener@6325a3ee]
10:52:35,025  INFO main xml.XmlBeanDefinitionReader:317 - Loading XML bean definitions from class path resource [applicationContext.xml]
10:52:35,407  INFO main xml.XmlBeanDefinitionReader:317 - Loading XML bean definitions from class path resource [persistence-context.xml]
10:52:35,436  INFO main xml.XmlBeanDefinitionReader:317 - Loading XML bean definitions from class path resource [http-client.xml]
10:52:35,488  INFO main support.GenericApplicationContext:510 - Refreshing org.springframework.context.support.GenericApplicationContext@d44fc21: startup date [Fri Aug 19 10:52:35 CST 2016]; root of context hierarchy
10:52:35,753  INFO main config.PropertyPlaceholderConfigurer:172 - Loading properties file from class path resource [jdbc.properties]
10:52:35,754  INFO main config.PropertyPlaceholderConfigurer:172 - Loading properties file from class path resource [httpclient.properties]
10:52:35,755  INFO main config.PropertyPlaceholderConfigurer:172 - Loading properties file from class path resource [mail.properties]
10:52:35,766  INFO main annotation.AutowiredAnnotationBeanPostProcessor:153 - JSR-330 'javax.inject.Inject' annotation found and supported for autowiring
10:52:35,886  INFO main util.Version:27 - HV000001: Hibernate Validator 5.1.3.Final
10:52:36,054  INFO main log.MLog:92 - MLog clients using log4j logging.
10:52:36,387  INFO main c3p0.C3P0Registry:216 - Initializing c3p0-0.9.2.1 [built 20-March-2013 10:47:27 +0000; debug? true; trace: 10]
10:52:36,606  INFO main common.Version:66 - HCANN000001: Hibernate Commons Annotations {4.0.5.Final}
10:52:36,615  INFO main hibernate.Version:54 - HHH000412: Hibernate Core {4.3.11.Final}
10:52:36,618  INFO main cfg.Environment:239 - HHH000206: hibernate.properties not found
10:52:36,621  INFO main cfg.Environment:346 - HHH000021: Bytecode provider name : javassist
10:52:36,860  INFO main dialect.Dialect:145 - HHH000400: Using dialect: org.hibernate.dialect.MySQL5Dialect
10:52:36,871  INFO main internal.LobCreatorBuilder:88 - HHH000422: Disabling contextual LOB creation as connection was null
10:52:37,175  INFO main internal.TransactionFactoryInitiator:62 - HHH000399: Using default transaction strategy (direct JDBC transactions)
10:52:37,183  INFO main ast.ASTQueryTranslatorFactory:47 - HHH000397: Using ASTQueryTranslatorFactory
10:52:37,412  WARN main id.UUIDHexGenerator:59 - HHH000409: Using org.hibernate.id.UUIDHexGenerator which does not generate IETF RFC 4122 compliant UUID values; consider using org.hibernate.id.UUIDGenerator instead
10:52:37,849  INFO main hbm2ddl.SchemaUpdate:207 - HHH000228: Running hbm2ddl schema update
10:52:37,850  INFO main hbm2ddl.SchemaUpdate:218 - HHH000102: Fetching database metadata
10:52:37,883  INFO main impl.AbstractPoolBackedDataSource:522 - Initializing c3p0 pool... com.mchange.v2.c3p0.ComboPooledDataSource [ acquireIncrement -> 2, acquireRetryAttempts -> 30, acquireRetryDelay -> 1000, autoCommitOnClose -> false, automaticTestTable -> null, breakAfterAcquireFailure -> false, checkoutTimeout -> 3000, connectionCustomizerClassName -> null, connectionTesterClassName -> com.mchange.v2.c3p0.impl.DefaultConnectionTester, dataSourceName -> 1hge1619i18lbxxn116v21p|3e78b6a5, debugUnreturnedConnectionStackTraces -> false, description -> null, driverClass -> com.mysql.jdbc.Driver, factoryClassLocation -> null, forceIgnoreUnresolvedTransactions -> false, identityToken -> 1hge1619i18lbxxn116v21p|3e78b6a5, idleConnectionTestPeriod -> 60, initialPoolSize -> 2, jdbcUrl -> jdbc:mysql://localhost:3306/slf?useUnicode=true&characterEncoding=utf8, maxAdministrativeTaskTime -> 0, maxConnectionAge -> 0, maxIdleTime -> 60, maxIdleTimeExcessConnections -> 0, maxPoolSize -> 20, maxStatements -> 100, maxStatementsPerConnection -> 0, minPoolSize -> 2, numHelperThreads -> 3, preferredTestQuery -> null, properties -> {user=******, password=******}, propertyCycle -> 0, statementCacheNumDeferredCloseThreads -> 0, testConnectionOnCheckin -> false, testConnectionOnCheckout -> false, unreturnedConnectionTimeout -> 0, userOverrides -> {}, usesTraditionalReflectiveProxies -> false ]
10:52:38,327  INFO main hbm2ddl.SchemaUpdate:230 - HHH000396: Updating schema
10:52:38,367  INFO main hbm2ddl.TableMetadata:65 - HHH000261: Table found: slf.slf_areas
10:52:38,367  INFO main hbm2ddl.TableMetadata:66 - HHH000037: Columns: [area, areaid, id, cityid]
10:52:38,368  INFO main hbm2ddl.TableMetadata:68 - HHH000108: Foreign keys: []
10:52:38,369  INFO main hbm2ddl.TableMetadata:69 - HHH000126: Indexes: [primary]
10:52:38,377  INFO main hbm2ddl.TableMetadata:65 - HHH000261: Table found: slf.slf_cities
10:52:38,379  INFO main hbm2ddl.TableMetadata:66 - HHH000037: Columns: [city, id, cityid, provinceid]
10:52:38,380  INFO main hbm2ddl.TableMetadata:68 - HHH000108: Foreign keys: []
10:52:38,381  INFO main hbm2ddl.TableMetadata:69 - HHH000126: Indexes: [primary]
10:52:38,394  INFO main hbm2ddl.TableMetadata:65 - HHH000261: Table found: slf.slf_delivery_address
10:52:38,395  INFO main hbm2ddl.TableMetadata:66 - HHH000037: Columns: [address, province, city, phone, user_pk, district, name, id]
10:52:38,396  INFO main hbm2ddl.TableMetadata:68 - HHH000108: Foreign keys: [fk_g0w87vosmigq5627rq64weiil]
10:52:38,397  INFO main hbm2ddl.TableMetadata:69 - HHH000126: Indexes: [fk_g0w87vosmigq5627rq64weiil, primary]
10:52:38,411  INFO main hbm2ddl.TableMetadata:65 - HHH000261: Table found: slf.slf_order
10:52:38,413  INFO main hbm2ddl.TableMetadata:66 - HHH000037: Columns: [msg, summary, create_time, user_id, address_id, notify_flag, oid, pay_way, status]
10:52:38,414  INFO main hbm2ddl.TableMetadata:68 - HHH000108: Foreign keys: [fk_c6eeowuk1aseea7i5wug2b7ac, fk_ewc825iilrep36xbvg4i2teki]
10:52:38,416  INFO main hbm2ddl.TableMetadata:69 - HHH000126: Indexes: [fk_c6eeowuk1aseea7i5wug2b7ac, fk_ewc825iilrep36xbvg4i2teki, primary]
10:52:38,427  INFO main hbm2ddl.TableMetadata:65 - HHH000261: Table found: slf.slf_order_item
10:52:38,429  INFO main hbm2ddl.TableMetadata:66 - HHH000037: Columns: [itemid, pro_price, pro_id, num, item_summary, order_id, pro_name]
10:52:38,430  INFO main hbm2ddl.TableMetadata:68 - HHH000108: Foreign keys: [fk_8y6m4ydyam84oyjp73h8wy6j2]
10:52:38,431  INFO main hbm2ddl.TableMetadata:69 - HHH000126: Indexes: [fk_8y6m4ydyam84oyjp73h8wy6j2, primary]
10:52:38,439  INFO main hbm2ddl.TableMetadata:65 - HHH000261: Table found: slf.slf_product
10:52:38,440  INFO main hbm2ddl.TableMetadata:66 - HHH000037: Columns: [flag, price, id, tag, product_name, register_time]
10:52:38,441  INFO main hbm2ddl.TableMetadata:68 - HHH000108: Foreign keys: []
10:52:38,442  INFO main hbm2ddl.TableMetadata:69 - HHH000126: Indexes: [primary]
10:52:38,451  INFO main hbm2ddl.TableMetadata:65 - HHH000261: Table found: slf.slf_provinces
10:52:38,452  INFO main hbm2ddl.TableMetadata:66 - HHH000037: Columns: [province, id, provinceid]
10:52:38,453  INFO main hbm2ddl.TableMetadata:68 - HHH000108: Foreign keys: []
10:52:38,454  INFO main hbm2ddl.TableMetadata:69 - HHH000126: Indexes: [primary]
10:52:38,463  INFO main hbm2ddl.TableMetadata:65 - HHH000261: Table found: slf.slf_user
10:52:38,464  INFO main hbm2ddl.TableMetadata:66 - HHH000037: Columns: [area, birthday, address, city, level, other_resident, tickets_total, register_time, province, phone, name, id, tickets_left]
10:52:38,464  INFO main hbm2ddl.TableMetadata:68 - HHH000108: Foreign keys: []
10:52:38,465  INFO main hbm2ddl.TableMetadata:69 - HHH000126: Indexes: [primary]
10:52:38,473  INFO main hbm2ddl.TableMetadata:65 - HHH000261: Table found: slf.slf_water
10:52:38,475  INFO main hbm2ddl.TableMetadata:66 - HHH000037: Columns: [msg, volume, product_id]
10:52:38,476  INFO main hbm2ddl.TableMetadata:68 - HHH000108: Foreign keys: [fk_n27isuyl5wxmik3xcsgwy5wam]
10:52:38,477  INFO main hbm2ddl.TableMetadata:69 - HHH000126: Indexes: [primary]
10:52:38,479  INFO main hbm2ddl.SchemaUpdate:267 - HHH000232: Schema update complete
10:52:38,911  INFO main hibernate4.HibernateTransactionManager:360 - Using DataSource [com.mchange.v2.c3p0.ComboPooledDataSource [ acquireIncrement -> 2, acquireRetryAttempts -> 30, acquireRetryDelay -> 1000, autoCommitOnClose -> false, automaticTestTable -> null, breakAfterAcquireFailure -> false, checkoutTimeout -> 3000, connectionCustomizerClassName -> null, connectionTesterClassName -> com.mchange.v2.c3p0.impl.DefaultConnectionTester, dataSourceName -> 1hge1619i18lbxxn116v21p|3e78b6a5, debugUnreturnedConnectionStackTraces -> false, description -> null, driverClass -> com.mysql.jdbc.Driver, factoryClassLocation -> null, forceIgnoreUnresolvedTransactions -> false, identityToken -> 1hge1619i18lbxxn116v21p|3e78b6a5, idleConnectionTestPeriod -> 60, initialPoolSize -> 2, jdbcUrl -> jdbc:mysql://localhost:3306/slf?useUnicode=true&characterEncoding=utf8, maxAdministrativeTaskTime -> 0, maxConnectionAge -> 0, maxIdleTime -> 60, maxIdleTimeExcessConnections -> 0, maxPoolSize -> 20, maxStatements -> 100, maxStatementsPerConnection -> 0, minPoolSize -> 2, numHelperThreads -> 3, preferredTestQuery -> null, properties -> {user=******, password=******}, propertyCycle -> 0, statementCacheNumDeferredCloseThreads -> 0, testConnectionOnCheckin -> false, testConnectionOnCheckout -> false, unreturnedConnectionTimeout -> 0, userOverrides -> {}, usesTraditionalReflectiveProxies -> false ]] of Hibernate SessionFactory for HibernateTransactionManager
10:52:39,133  INFO main support.DefaultTestContextBootstrapper:256 - Loaded default TestExecutionListener class names from location [META-INF/spring.factories]: [org.springframework.test.context.web.ServletTestExecutionListener, org.springframework.test.context.support.DependencyInjectionTestExecutionListener, org.springframework.test.context.support.DirtiesContextTestExecutionListener, org.springframework.test.context.transaction.TransactionalTestExecutionListener, org.springframework.test.context.jdbc.SqlScriptsTestExecutionListener]
10:52:39,134  INFO main support.DefaultTestContextBootstrapper:182 - Using TestExecutionListeners: [org.springframework.test.context.web.ServletTestExecutionListener@188b6035, org.springframework.test.context.support.DependencyInjectionTestExecutionListener@4a34e9f, org.springframework.test.context.support.DirtiesContextTestExecutionListener@6f6621e3, org.springframework.test.context.transaction.TransactionalTestExecutionListener@3fc05ea2, org.springframework.test.context.jdbc.SqlScriptsTestExecutionListener@7c891ba7]
10:52:39,156  INFO main service.EmailServiceImpl:38 - ¿ªÆôÓÊ¼þ·¢ËÍ
10:52:39,209  INFO main support.DefaultTestContextBootstrapper:256 - Loaded default TestExecutionListener class names from location [META-INF/spring.factories]: [org.springframework.test.context.web.ServletTestExecutionListener, org.springframework.test.context.support.DependencyInjectionTestExecutionListener, org.springframework.test.context.support.DirtiesContextTestExecutionListener, org.springframework.test.context.transaction.TransactionalTestExecutionListener, org.springframework.test.context.jdbc.SqlScriptsTestExecutionListener]
10:52:39,210  INFO main support.DefaultTestContextBootstrapper:182 - Using TestExecutionListeners: [org.springframework.test.context.web.ServletTestExecutionListener@3f9270ed, org.springframework.test.context.support.DependencyInjectionTestExecutionListener@3a230001, org.springframework.test.context.support.DirtiesContextTestExecutionListener@5ac6c4f2, org.springframework.test.context.transaction.TransactionalTestExecutionListener@2aa6311a, org.springframework.test.context.jdbc.SqlScriptsTestExecutionListener@61f39bb]
10:52:41,557  INFO main util.WxSign:35 - stringA&key::appId=wx2421b1c4370ec43b&nonceStr=e61463f8efa94090b1f366cccfbbb444&packageValue=prepay_id=u802345jgfjsdfgsdg888&signType=MD5&timeStamp=1395712654&key=dpczuishuai
10:52:41,606  INFO main support.DefaultTestContextBootstrapper:256 - Loaded default TestExecutionListener class names from location [META-INF/spring.factories]: [org.springframework.test.context.web.ServletTestExecutionListener, org.springframework.test.context.support.DependencyInjectionTestExecutionListener, org.springframework.test.context.support.DirtiesContextTestExecutionListener, org.springframework.test.context.transaction.TransactionalTestExecutionListener, org.springframework.test.context.jdbc.SqlScriptsTestExecutionListener]
10:52:41,607  INFO main support.DefaultTestContextBootstrapper:182 - Using TestExecutionListeners: [org.springframework.test.context.web.ServletTestExecutionListener@5c77ba8f, org.springframework.test.context.support.DependencyInjectionTestExecutionListener@660f0c, org.springframework.test.context.support.DirtiesContextTestExecutionListener@7a0ef219, org.springframework.test.context.transaction.TransactionalTestExecutionListener@1b1f5012, org.springframework.test.context.jdbc.SqlScriptsTestExecutionListener@7add323c]
10:52:41,669  INFO main support.DefaultTestContextBootstrapper:256 - Loaded default TestExecutionListener class names from location [META-INF/spring.factories]: [org.springframework.test.context.web.ServletTestExecutionListener, org.springframework.test.context.support.DependencyInjectionTestExecutionListener, org.springframework.test.context.support.DirtiesContextTestExecutionListener, org.springframework.test.context.transaction.TransactionalTestExecutionListener, org.springframework.test.context.jdbc.SqlScriptsTestExecutionListener]
10:52:41,670  INFO main support.DefaultTestContextBootstrapper:182 - Using TestExecutionListeners: [org.springframework.test.context.web.ServletTestExecutionListener@22a6e998, org.springframework.test.context.support.DependencyInjectionTestExecutionListener@55e42449, org.springframework.test.context.support.DirtiesContextTestExecutionListener@e57e5d6, org.springframework.test.context.transaction.TransactionalTestExecutionListener@6dfa915a, org.springframework.test.context.jdbc.SqlScriptsTestExecutionListener@78054f54]
10:52:41,832  INFO Thread-6 support.GenericApplicationContext:862 - Closing org.springframework.context.support.GenericApplicationContext@d44fc21: startup date [Fri Aug 19 10:52:35 CST 2016]; root of context hierarchy
